<?xml version="1.0" encoding="UTF-8"?>
<!-- Generated by org.testng.reporters.JUnitXMLReporter -->
<testsuite ignored="0" hostname="LGDNCom-18-1208" failures="1" tests="2" name="Test-Edge" time="51.779" errors="0" timestamp="2022-11-25T16:01:52 ICT">
  <testcase classname="FinalTestCase01" name="TC01" time="8.076"/>
  <testcase classname="FinalTestCase02" name="FinalTestCase02" time="24.577">
    <failure type="java.lang.AssertionError" message="My ticket tab is not displayed! expected [true] but found [false]">
      <![CDATA[java.lang.AssertionError: My ticket tab is not displayed! expected [true] but found [false]
at FinalTestCase02.FinalTestCase02(FinalTestCase02.java:122)
at java.base/java.util.ArrayList.forEach(ArrayList.java:1511)
at com.intellij.rt.testng.IDEARemoteTestNG.run(IDEARemoteTestNG.java:66)
at com.intellij.rt.testng.RemoteTestNGStarter.main(RemoteTestNGStarter.java:109)
... Removed 25 stack frames]]>
    </failure>
  </testcase> <!-- FinalTestCase02 -->
</testsuite> <!-- Test-Edge -->
