<?xml version="1.0" encoding="UTF-8"?>
<!-- Generated by org.testng.reporters.JUnitXMLReporter -->
<testsuite ignored="0" hostname="LGDNCom-18-1208" failures="0" tests="14" name="Test-Edge" time="172.973" errors="0" timestamp="2022-11-24T14:47:15 ICT">
  <testcase classname="TC01" name="TC01" time="2.493"/>
  <testcase classname="TC02" name="TC02" time="1.386"/>
  <testcase classname="TC03" name="TC03" time="1.385"/>
  <testcase classname="TC04" name="TC04" time="0.859"/>
  <testcase classname="TC05" name="testcase005" time="4.4"/>
  <testcase classname="TC06" name="testcase006" time="5.077"/>
  <testcase classname="TC07" name="testcase007" time="1.908"/>
  <testcase classname="TC08" name="testcase008" time="1.47"/>
  <testcase classname="TC09" name="testcase009" time="6.521"/>
  <testcase classname="TC10" name="testcase010" time="1.585"/>
  <testcase classname="TC11" name="testcase011" time="1.679"/>
  <testcase classname="TC14" name="testcase014" time="7.017"/>
  <testcase classname="TC15" name="testcase015" time="4.897"/>
  <testcase classname="TC16" name="testcase016" time="7.15"/>
</testsuite> <!-- Test-Edge -->
