<?xml version="1.0" encoding="UTF-8"?>
<!-- Generated by org.testng.reporters.JUnitXMLReporter -->
<testsuite ignored="0" hostname="LGDNCom-18-1208" failures="0" tests="14" name="Test-Chrome" time="126.0" errors="0" timestamp="2022-11-24T14:44:22 ICT">
  <testcase classname="TC01" name="TC01" time="3.566"/>
  <testcase classname="TC02" name="TC02" time="2.071"/>
  <testcase classname="TC03" name="TC03" time="1.61"/>
  <testcase classname="TC04" name="TC04" time="0.868"/>
  <testcase classname="TC05" name="testcase005" time="4.463"/>
  <testcase classname="TC06" name="testcase006" time="3.151"/>
  <testcase classname="TC07" name="testcase007" time="2.018"/>
  <testcase classname="TC08" name="testcase008" time="1.509"/>
  <testcase classname="TC09" name="testcase009" time="5.202"/>
  <testcase classname="TC10" name="testcase010" time="1.605"/>
  <testcase classname="TC11" name="testcase011" time="1.761"/>
  <testcase classname="TC14" name="testcase014" time="6.181"/>
  <testcase classname="TC15" name="testcase015" time="7.071"/>
  <testcase classname="TC16" name="testcase016" time="7.633"/>
</testsuite> <!-- Test-Chrome -->
