<?xml version="1.0" encoding="UTF-8"?>
<!-- Generated by org.testng.reporters.JUnitReportReporter -->
<testsuite hostname="LGDNCom-18-1208" failures="0" tests="2" name="TC10" time="16.892" errors="0" timestamp="2022-11-24T14:47:16 ICT" skipped="0">
  <testcase classname="TC10" name="testcase010" time="6.519"/>
  <system-out/>
  <testcase classname="TC10" name="testcase010" time="10.373"/>
  <system-out/>
</testsuite> <!-- TC10 -->
