<?xml version="1.0" encoding="UTF-8"?>
<!-- Generated by org.testng.reporters.JUnitReportReporter -->
<testsuite hostname="LGDNCom-18-1208" failures="0" tests="2" name="TC01" time="33.128" errors="0" timestamp="2022-11-24T14:47:16 ICT" skipped="0">
  <testcase classname="TC01" name="TC01" time="16.521"/>
  <system-out/>
  <testcase classname="TC01" name="TC01" time="16.607"/>
  <system-out/>
</testsuite> <!-- TC01 -->
