<?xml version="1.0" encoding="UTF-8"?>
<!-- Generated by org.testng.reporters.JUnitReportReporter -->
<testsuite hostname="LGDNCom-18-1208" failures="0" tests="2" name="TC08" time="15.731" errors="0" timestamp="2022-11-24T14:47:16 ICT" skipped="0">
  <testcase classname="TC08" name="testcase008" time="9.224"/>
  <system-out/>
  <testcase classname="TC08" name="testcase008" time="6.507"/>
  <system-out/>
</testsuite> <!-- TC08 -->
