<?xml version="1.0" encoding="UTF-8"?>
<!-- Generated by org.testng.reporters.JUnitReportReporter -->
<testsuite hostname="LGDNCom-18-1208" failures="0" tests="2" name="TC07" time="19.076" errors="0" timestamp="2022-11-24T14:47:16 ICT" skipped="0">
  <testcase classname="TC07" name="testcase007" time="6.484"/>
  <system-out/>
  <testcase classname="TC07" name="testcase007" time="12.592"/>
  <system-out/>
</testsuite> <!-- TC07 -->
