<?xml version="1.0" encoding="UTF-8"?>
<!-- Generated by org.testng.reporters.JUnitReportReporter -->
<testsuite hostname="LGDNCom-18-1208" failures="0" tests="2" name="TC03" time="15.170" errors="0" timestamp="2022-11-24T14:47:16 ICT" skipped="0">
  <testcase classname="TC03" name="TC03" time="6.157"/>
  <system-out/>
  <testcase classname="TC03" name="TC03" time="9.013"/>
  <system-out/>
</testsuite> <!-- TC03 -->
