<?xml version="1.0" encoding="UTF-8"?>
<!-- Generated by org.testng.reporters.JUnitReportReporter -->
<testsuite hostname="LGDNCom-18-1208" failures="0" tests="2" name="TC14" time="28.875" errors="0" timestamp="2022-11-24T14:47:16 ICT" skipped="0">
  <testcase classname="TC14" name="testcase014" time="12.428"/>
  <system-out/>
  <testcase classname="TC14" name="testcase014" time="16.447"/>
  <system-out/>
</testsuite> <!-- TC14 -->
