<?xml version="1.0" encoding="UTF-8"?>
<!-- Generated by org.testng.reporters.JUnitReportReporter -->
<testsuite hostname="LGDNCom-18-1208" failures="0" tests="2" name="TC09" time="26.037" errors="0" timestamp="2022-11-24T14:47:16 ICT" skipped="0">
  <testcase classname="TC09" name="testcase009" time="15.699"/>
  <system-out/>
  <testcase classname="TC09" name="testcase009" time="10.338"/>
  <system-out/>
</testsuite> <!-- TC09 -->
