<?xml version="1.0" encoding="UTF-8"?>
<!-- Generated by org.testng.reporters.JUnitReportReporter -->
<testsuite hostname="LGDNCom-18-1208" failures="0" tests="2" name="FinalTestCase01" time="30.572" errors="0" timestamp="2022-11-25T16:01:53 ICT" skipped="0">
  <testcase classname="FinalTestCase01" name="TC01" time="16.727"/>
  <system-out/>
  <testcase classname="FinalTestCase01" name="TC01" time="13.845"/>
  <system-out/>
</testsuite> <!-- FinalTestCase01 -->
