<?xml version="1.0" encoding="UTF-8"?>
<!-- Generated by org.testng.reporters.JUnitReportReporter -->
<testsuite hostname="LGDNCom-18-1208" failures="0" tests="2" name="TC04" time="14.527" errors="0" timestamp="2022-11-24T14:47:16 ICT" skipped="0">
  <testcase classname="TC04" name="TC04" time="6.029"/>
  <system-out/>
  <testcase classname="TC04" name="TC04" time="8.498"/>
  <system-out/>
</testsuite> <!-- TC04 -->
