<?xml version="1.0" encoding="UTF-8"?>
<!-- Generated by org.testng.reporters.JUnitReportReporter -->
<testsuite hostname="LGDNCom-18-1208" failures="0" tests="2" name="TC11" time="16.291" errors="0" timestamp="2022-11-24T14:47:16 ICT" skipped="0">
  <testcase classname="TC11" name="testcase011" time="10.023"/>
  <system-out/>
  <testcase classname="TC11" name="testcase011" time="6.268"/>
  <system-out/>
</testsuite> <!-- TC11 -->
