<?xml version="1.0" encoding="UTF-8"?>
<!-- Generated by org.testng.reporters.JUnitReportReporter -->
<testsuite hostname="LGDNCom-18-1208" failures="0" tests="2" name="TC16" time="27.583" errors="0" timestamp="2022-11-24T14:47:16 ICT" skipped="0">
  <testcase classname="TC16" name="testcase016" time="12.243"/>
  <system-out/>
  <testcase classname="TC16" name="testcase016" time="15.340"/>
  <system-out/>
</testsuite> <!-- TC16 -->
