<?xml version="1.0" encoding="UTF-8"?>
<!-- Generated by org.testng.reporters.JUnitReportReporter -->
<testsuite hostname="LGDNCom-18-1208" failures="0" tests="2" name="TC06" time="21.633" errors="0" timestamp="2022-11-24T14:47:16 ICT" skipped="0">
  <testcase classname="TC06" name="testcase006" time="13.376"/>
  <system-out/>
  <testcase classname="TC06" name="testcase006" time="8.257"/>
  <system-out/>
</testsuite> <!-- TC06 -->
