<?xml version="1.0" encoding="UTF-8"?>
<!-- Generated by org.testng.reporters.JUnitReportReporter -->
<testsuite hostname="LGDNCom-18-1208" failures="0" tests="2" name="TC02" time="16.868" errors="0" timestamp="2022-11-24T14:47:16 ICT" skipped="0">
  <testcase classname="TC02" name="TC02" time="7.109"/>
  <system-out/>
  <testcase classname="TC02" name="TC02" time="9.759"/>
  <system-out/>
</testsuite> <!-- TC02 -->
