<?xml version="1.0" encoding="UTF-8"?>
<!-- Generated by org.testng.reporters.JUnitReportReporter -->
<testsuite hostname="LGDNCom-18-1208" failures="0" tests="2" name="TC05" time="20.794" errors="0" timestamp="2022-11-24T14:47:16 ICT" skipped="0">
  <testcase classname="TC05" name="testcase005" time="12.011"/>
  <system-out/>
  <testcase classname="TC05" name="testcase005" time="8.783"/>
  <system-out/>
</testsuite> <!-- TC05 -->
