<?xml version="1.0" encoding="UTF-8"?>
<!-- Generated by org.testng.reporters.JUnitReportReporter -->
<testsuite hostname="LGDNCom-18-1208" failures="0" tests="2" name="TC15" time="26.261" errors="0" timestamp="2022-11-24T14:47:16 ICT" skipped="0">
  <testcase classname="TC15" name="testcase015" time="13.986"/>
  <system-out/>
  <testcase classname="TC15" name="testcase015" time="12.275"/>
  <system-out/>
</testsuite> <!-- TC15 -->
